The system is: Windows - 10.0.18362 - AMD64
Compiling the C compiler identification source file "CMakeCCompilerId.c" succeeded.
Compiler: C:/Program Files (x86)/Microsoft Visual Studio/2019/Professional/VC/Tools/MSVC/14.27.29110/bin/Hostx86/x86/cl.exe 
Build flags: 
Id flags:  

The output was:
0
用于 x86 的 Microsoft (R) C/C++ 优化编译器 19.27.29111 版
版权所有(C) Microsoft Corporation。保留所有权利。

CMakeCCompilerId.c
Microsoft (R) Incremental Linker Version 14.27.29111.0
Copyright (C) Microsoft Corporation.  All rights reserved.

/out:CMakeCCompilerId.exe 
CMakeCCompilerId.obj 


Compilation of the C compiler identification source "CMakeCCompilerId.c" produced "CMakeCCompilerId.exe"

Compilation of the C compiler identification source "CMakeCCompilerId.c" produced "CMakeCCompilerId.obj"

The C compiler identification is MSVC, found in "D:/C/untitled55/cmake-build-debug/CMakeFiles/3.17.3/CompilerIdC/CMakeCCompilerId.exe"

Determining if the C compiler works passed with the following output:
Change Dir: D:/C/untitled55/cmake-build-debug/CMakeFiles/CMakeTmp

Run Build Command(s):nmake /nologo cmTC_008b2\fast && 	"C:\Program Files (x86)\Microsoft Visual Studio\2019\Professional\VC\Tools\MSVC\14.27.29110\bin\HostX86\x86\nmake.exe"  -f CMakeFiles\cmTC_008b2.dir\build.make /nologo -L                  CMakeFiles\cmTC_008b2.dir\build
Building C object CMakeFiles/cmTC_008b2.dir/testCCompiler.c.obj
	C:\PROGRA~2\MICROS~1\2019\PROFES~1\VC\Tools\MSVC\1427~1.291\bin\Hostx86\x86\cl.exe @C:\Users\ASUS\AppData\Local\Temp\nmD960.tmp
testCCompiler.c
Linking C executable cmTC_008b2.exe
	"D:\新建文件夹\CLion 2020.2.3\bin\cmake\win\bin\cmake.exe" -E vs_link_exe --intdir=CMakeFiles\cmTC_008b2.dir --rc=C:\PROGRA~2\WI3CF2~1\10\bin\100183~1.0\x86\rc.exe --mt=C:\PROGRA~2\WI3CF2~1\10\bin\100183~1.0\x86\mt.exe --manifests  -- C:\PROGRA~2\MICROS~1\2019\PROFES~1\VC\Tools\MSVC\1427~1.291\bin\Hostx86\x86\link.exe /nologo @CMakeFiles\cmTC_008b2.dir\objects1.rsp @C:\Users\ASUS\AppData\Local\Temp\nmD9DE.tmp



Detecting C compiler ABI info compiled with the following output:
Change Dir: D:/C/untitled55/cmake-build-debug/CMakeFiles/CMakeTmp

Run Build Command(s):nmake /nologo cmTC_c853b\fast && 	"C:\Program Files (x86)\Microsoft Visual Studio\2019\Professional\VC\Tools\MSVC\14.27.29110\bin\HostX86\x86\nmake.exe"  -f CMakeFiles\cmTC_c853b.dir\build.make /nologo -L                  CMakeFiles\cmTC_c853b.dir\build
Building C object CMakeFiles/cmTC_c853b.dir/CMakeCCompilerABI.c.obj
	C:\PROGRA~2\MICROS~1\2019\PROFES~1\VC\Tools\MSVC\1427~1.291\bin\Hostx86\x86\cl.exe @C:\Users\ASUS\AppData\Local\Temp\nmDCAC.tmp
CMakeCCompilerABI.c
Linking C executable cmTC_c853b.exe
	"D:\新建文件夹\CLion 2020.2.3\bin\cmake\win\bin\cmake.exe" -E vs_link_exe --intdir=CMakeFiles\cmTC_c853b.dir --rc=C:\PROGRA~2\WI3CF2~1\10\bin\100183~1.0\x86\rc.exe --mt=C:\PROGRA~2\WI3CF2~1\10\bin\100183~1.0\x86\mt.exe --manifests  -- C:\PROGRA~2\MICROS~1\2019\PROFES~1\VC\Tools\MSVC\1427~1.291\bin\Hostx86\x86\link.exe /nologo @CMakeFiles\cmTC_c853b.dir\objects1.rsp @C:\Users\ASUS\AppData\Local\Temp\nmDD2A.tmp



